生成启动时间为 2022/9/26 14:27:49。
     1>项目“E:\c\Visual Studio 2013\Project57\Project57\Project57.vcxproj”在节点 2 上(Build 个目标)。
     1>PrepareForBuild:
         正在创建目录“E:\c\Visual Studio 2013\Project57\Debug\”。
         正在创建目录“Debug\Project57.tlog\”。
       InitializeBuildStatus:
         正在创建“Debug\Project57.tlog\unsuccessfulbuild”，因为已指定“AlwaysCreate”。
       ClCompile:
         D:\Program Files (x86)\Microsoft Visual Studio 12.0\VC\bin\CL.exe /c /ZI /nologo /W3 /WX- /sdl /Od /Oy- /D _MBCS /Gm /EHsc /RTC1 /MDd /GS /fp:precise /Zc:wchar_t /Zc:forScope /Fo"Debug\\" /Fd"Debug\vc120.pdb" /Gd /TC /analyze- /errorReport:prompt "源.c"
         源.c
     1>e:\c\visual studio 2013\project57\project57\源.c(9): warning C4013: “strlen”未定义；假设外部返回 int
       Link:
         D:\Program Files (x86)\Microsoft Visual Studio 12.0\VC\bin\link.exe /ERRORREPORT:PROMPT /OUT:"E:\c\Visual Studio 2013\Project57\Debug\Project57.exe" /INCREMENTAL /NOLOGO kernel32.lib user32.lib gdi32.lib winspool.lib comdlg32.lib advapi32.lib shell32.lib ole32.lib oleaut32.lib uuid.lib odbc32.lib odbccp32.lib /MANIFEST /MANIFESTUAC:"level='asInvoker' uiAccess='false'" /manifest:embed /DEBUG /PDB:"E:\c\Visual Studio 2013\Project57\Debug\Project57.pdb" /SUBSYSTEM:CONSOLE /TLBID:1 /DYNAMICBASE /NXCOMPAT /IMPLIB:"E:\c\Visual Studio 2013\Project57\Debug\Project57.lib" /MACHINE:X86 "Debug\源.obj"
         Project57.vcxproj -> E:\c\Visual Studio 2013\Project57\Debug\Project57.exe
       FinalizeBuildStatus:
         正在删除文件“Debug\Project57.tlog\unsuccessfulbuild”。
         正在对“Debug\Project57.tlog\Project57.lastbuildstate”执行 Touch 任务。
     1>已完成生成项目“E:\c\Visual Studio 2013\Project57\Project57\Project57.vcxproj”(Build 个目标)的操作。

生成成功。

已用时间 00:00:00.81
